<?xml version="1.0" encoding="UTF-8"?>
<testsuite xmlns:xsi="http://www.w3.org/2001/XMLSchema-instance" xsi:noNamespaceSchemaLocation="https://maven.apache.org/surefire/maven-surefire-plugin/xsd/surefire-test-report-3.0.xsd" version="3.0" name="TestSuite" time="11.156" tests="7" errors="0" skipped="0" failures="0">
  <properties>
    <property name="sun.desktop" value="windows"/>
    <property name="awt.toolkit" value="sun.awt.windows.WToolkit"/>
    <property name="file.encoding.pkg" value="sun.io"/>
    <property name="java.specification.version" value="1.8"/>
    <property name="sun.cpu.isalist" value="amd64"/>
    <property name="sun.jnu.encoding" value="Cp1252"/>
    <property name="java.class.path" value="C:\Users\siddharthgaur\Downloads\SiddharthGaur_3151410_ApiAutomationUsingRestAssured\SiddharthGaur_3151410_ApiAutomationUsingRestAssured\target\test-classes;C:\Users\siddharthgaur\Downloads\SiddharthGaur_3151410_ApiAutomationUsingRestAssured\SiddharthGaur_3151410_ApiAutomationUsingRestAssured\target\classes;C:\Users\siddharthgaur\.m2\repository\org\apache\logging\log4j\log4j-core\2.17.2\log4j-core-2.17.2.jar;C:\Users\siddharthgaur\.m2\repository\org\apache\logging\log4j\log4j-api\2.17.2\log4j-api-2.17.2.jar;C:\Users\siddharthgaur\.m2\repository\org\slf4j\slf4j-jdk14\2.0.0-alpha7\slf4j-jdk14-2.0.0-alpha7.jar;C:\Users\siddharthgaur\.m2\repository\org\slf4j\slf4j-api\2.0.0-alpha7\slf4j-api-2.0.0-alpha7.jar;C:\Users\siddharthgaur\.m2\repository\org\testng\testng\7.0.0\testng-7.0.0.jar;C:\Users\siddharthgaur\.m2\repository\com\beust\jcommander\1.72\jcommander-1.72.jar;C:\Users\siddharthgaur\.m2\repository\io\rest-assured\json-schema-validator\3.0.2\json-schema-validator-3.0.2.jar;C:\Users\siddharthgaur\.m2\repository\com\github\fge\json-schema-validator\2.2.6\json-schema-validator-2.2.6.jar;C:\Users\siddharthgaur\.m2\repository\com\google\code\findbugs\jsr305\3.0.0\jsr305-3.0.0.jar;C:\Users\siddharthgaur\.m2\repository\joda-time\joda-time\2.3\joda-time-2.3.jar;C:\Users\siddharthgaur\.m2\repository\com\googlecode\libphonenumber\libphonenumber\6.2\libphonenumber-6.2.jar;C:\Users\siddharthgaur\.m2\repository\com\github\fge\json-schema-core\1.2.5\json-schema-core-1.2.5.jar;C:\Users\siddharthgaur\.m2\repository\com\github\fge\uri-template\0.9\uri-template-0.9.jar;C:\Users\siddharthgaur\.m2\repository\com\github\fge\msg-simple\1.1\msg-simple-1.1.jar;C:\Users\siddharthgaur\.m2\repository\com\github\fge\btf\1.2\btf-1.2.jar;C:\Users\siddharthgaur\.m2\repository\com\google\guava\guava\16.0.1\guava-16.0.1.jar;C:\Users\siddharthgaur\.m2\repository\com\github\fge\jackson-coreutils\1.8\jackson-coreutils-1.8.jar;C:\Users\siddharthgaur\.m2\repository\com\fasterxml\jackson\core\jackson-databind\2.2.3\jackson-databind-2.2.3.jar;C:\Users\siddharthgaur\.m2\repository\com\fasterxml\jackson\core\jackson-annotations\2.2.3\jackson-annotations-2.2.3.jar;C:\Users\siddharthgaur\.m2\repository\com\fasterxml\jackson\core\jackson-core\2.2.3\jackson-core-2.2.3.jar;C:\Users\siddharthgaur\.m2\repository\org\mozilla\rhino\1.7R4\rhino-1.7R4.jar;C:\Users\siddharthgaur\.m2\repository\javax\mail\mailapi\1.4.3\mailapi-1.4.3.jar;C:\Users\siddharthgaur\.m2\repository\javax\activation\activation\1.1\activation-1.1.jar;C:\Users\siddharthgaur\.m2\repository\net\sf\jopt-simple\jopt-simple\4.6\jopt-simple-4.6.jar;C:\Users\siddharthgaur\.m2\repository\org\hamcrest\hamcrest-core\1.3\hamcrest-core-1.3.jar;C:\Users\siddharthgaur\.m2\repository\io\rest-assured\xml-path\3.0.0\xml-path-3.0.0.jar;C:\Users\siddharthgaur\.m2\repository\org\codehaus\groovy\groovy-xml\2.4.6\groovy-xml-2.4.6.jar;C:\Users\siddharthgaur\.m2\repository\org\codehaus\groovy\groovy\2.4.6\groovy-2.4.6.jar;C:\Users\siddharthgaur\.m2\repository\io\rest-assured\rest-assured-common\3.0.0\rest-assured-common-3.0.0.jar;C:\Users\siddharthgaur\.m2\repository\org\apache\commons\commons-lang3\3.4\commons-lang3-3.4.jar;C:\Users\siddharthgaur\.m2\repository\org\ccil\cowan\tagsoup\tagsoup\1.2.1\tagsoup-1.2.1.jar;C:\Users\siddharthgaur\.m2\repository\io\rest-assured\rest-assured\3.0.2\rest-assured-3.0.2.jar;C:\Users\siddharthgaur\.m2\repository\org\apache\httpcomponents\httpclient\4.5.2\httpclient-4.5.2.jar;C:\Users\siddharthgaur\.m2\repository\org\apache\httpcomponents\httpcore\4.4.4\httpcore-4.4.4.jar;C:\Users\siddharthgaur\.m2\repository\commons-logging\commons-logging\1.2\commons-logging-1.2.jar;C:\Users\siddharthgaur\.m2\repository\commons-codec\commons-codec\1.9\commons-codec-1.9.jar;C:\Users\siddharthgaur\.m2\repository\org\apache\httpcomponents\httpmime\4.5.1\httpmime-4.5.1.jar;C:\Users\siddharthgaur\.m2\repository\org\hamcrest\hamcrest-library\1.3\hamcrest-library-1.3.jar;C:\Users\siddharthgaur\.m2\repository\io\rest-assured\json-path\3.0.2\json-path-3.0.2.jar;C:\Users\siddharthgaur\.m2\repository\org\codehaus\groovy\groovy-json\2.4.6\groovy-json-2.4.6.jar;C:\Users\siddharthgaur\.m2\repository\com\relevantcodes\extentreports\2.41.2\extentreports-2.41.2.jar;C:\Users\siddharthgaur\.m2\repository\org\jsoup\jsoup\1.8.3\jsoup-1.8.3.jar;C:\Users\siddharthgaur\.m2\repository\org\xerial\sqlite-jdbc\3.8.11.1\sqlite-jdbc-3.8.11.1.jar;C:\Users\siddharthgaur\.m2\repository\org\freemarker\freemarker\2.3.23\freemarker-2.3.23.jar;C:\Users\siddharthgaur\.m2\repository\org\mongodb\mongodb-driver\3.0.4\mongodb-driver-3.0.4.jar;C:\Users\siddharthgaur\.m2\repository\org\mongodb\bson\3.0.4\bson-3.0.4.jar;C:\Users\siddharthgaur\.m2\repository\org\mongodb\mongodb-driver-core\3.0.4\mongodb-driver-core-3.0.4.jar;C:\Users\siddharthgaur\.m2\repository\com\googlecode\json-simple\json-simple\1.1.1\json-simple-1.1.1.jar;C:\Users\siddharthgaur\.m2\repository\junit\junit\4.10\junit-4.10.jar;"/>
    <property name="java.vm.vendor" value="Oracle Corporation"/>
    <property name="sun.arch.data.model" value="64"/>
    <property name="user.variant" value=""/>
    <property name="java.vendor.url" value="http://java.oracle.com/"/>
    <property name="user.timezone" value="Asia/Calcutta"/>
    <property name="java.vm.specification.version" value="1.8"/>
    <property name="os.name" value="Windows 11"/>
    <property name="user.country" value="IN"/>
    <property name="sun.java.launcher" value="SUN_STANDARD"/>
    <property name="sun.boot.library.path" value="C:\Program Files\Java\jdk1.8.0_351\jre\bin"/>
    <property name="sun.java.command" value="C:\Users\siddharthgaur\AppData\Local\Temp\surefire8530879736011389908\surefirebooter6523339540834038688.jar C:\Users\siddharthgaur\AppData\Local\Temp\surefire8530879736011389908 2023-03-07T15-13-47_469-jvmRun1 surefire2996348339574622381tmp surefire_03415983392309185723tmp"/>
    <property name="surefire.test.class.path" value="C:\Users\siddharthgaur\Downloads\SiddharthGaur_3151410_ApiAutomationUsingRestAssured\SiddharthGaur_3151410_ApiAutomationUsingRestAssured\target\test-classes;C:\Users\siddharthgaur\Downloads\SiddharthGaur_3151410_ApiAutomationUsingRestAssured\SiddharthGaur_3151410_ApiAutomationUsingRestAssured\target\classes;C:\Users\siddharthgaur\.m2\repository\org\apache\logging\log4j\log4j-core\2.17.2\log4j-core-2.17.2.jar;C:\Users\siddharthgaur\.m2\repository\org\apache\logging\log4j\log4j-api\2.17.2\log4j-api-2.17.2.jar;C:\Users\siddharthgaur\.m2\repository\org\slf4j\slf4j-jdk14\2.0.0-alpha7\slf4j-jdk14-2.0.0-alpha7.jar;C:\Users\siddharthgaur\.m2\repository\org\slf4j\slf4j-api\2.0.0-alpha7\slf4j-api-2.0.0-alpha7.jar;C:\Users\siddharthgaur\.m2\repository\org\testng\testng\7.0.0\testng-7.0.0.jar;C:\Users\siddharthgaur\.m2\repository\com\beust\jcommander\1.72\jcommander-1.72.jar;C:\Users\siddharthgaur\.m2\repository\io\rest-assured\json-schema-validator\3.0.2\json-schema-validator-3.0.2.jar;C:\Users\siddharthgaur\.m2\repository\com\github\fge\json-schema-validator\2.2.6\json-schema-validator-2.2.6.jar;C:\Users\siddharthgaur\.m2\repository\com\google\code\findbugs\jsr305\3.0.0\jsr305-3.0.0.jar;C:\Users\siddharthgaur\.m2\repository\joda-time\joda-time\2.3\joda-time-2.3.jar;C:\Users\siddharthgaur\.m2\repository\com\googlecode\libphonenumber\libphonenumber\6.2\libphonenumber-6.2.jar;C:\Users\siddharthgaur\.m2\repository\com\github\fge\json-schema-core\1.2.5\json-schema-core-1.2.5.jar;C:\Users\siddharthgaur\.m2\repository\com\github\fge\uri-template\0.9\uri-template-0.9.jar;C:\Users\siddharthgaur\.m2\repository\com\github\fge\msg-simple\1.1\msg-simple-1.1.jar;C:\Users\siddharthgaur\.m2\repository\com\github\fge\btf\1.2\btf-1.2.jar;C:\Users\siddharthgaur\.m2\repository\com\google\guava\guava\16.0.1\guava-16.0.1.jar;C:\Users\siddharthgaur\.m2\repository\com\github\fge\jackson-coreutils\1.8\jackson-coreutils-1.8.jar;C:\Users\siddharthgaur\.m2\repository\com\fasterxml\jackson\core\jackson-databind\2.2.3\jackson-databind-2.2.3.jar;C:\Users\siddharthgaur\.m2\repository\com\fasterxml\jackson\core\jackson-annotations\2.2.3\jackson-annotations-2.2.3.jar;C:\Users\siddharthgaur\.m2\repository\com\fasterxml\jackson\core\jackson-core\2.2.3\jackson-core-2.2.3.jar;C:\Users\siddharthgaur\.m2\repository\org\mozilla\rhino\1.7R4\rhino-1.7R4.jar;C:\Users\siddharthgaur\.m2\repository\javax\mail\mailapi\1.4.3\mailapi-1.4.3.jar;C:\Users\siddharthgaur\.m2\repository\javax\activation\activation\1.1\activation-1.1.jar;C:\Users\siddharthgaur\.m2\repository\net\sf\jopt-simple\jopt-simple\4.6\jopt-simple-4.6.jar;C:\Users\siddharthgaur\.m2\repository\org\hamcrest\hamcrest-core\1.3\hamcrest-core-1.3.jar;C:\Users\siddharthgaur\.m2\repository\io\rest-assured\xml-path\3.0.0\xml-path-3.0.0.jar;C:\Users\siddharthgaur\.m2\repository\org\codehaus\groovy\groovy-xml\2.4.6\groovy-xml-2.4.6.jar;C:\Users\siddharthgaur\.m2\repository\org\codehaus\groovy\groovy\2.4.6\groovy-2.4.6.jar;C:\Users\siddharthgaur\.m2\repository\io\rest-assured\rest-assured-common\3.0.0\rest-assured-common-3.0.0.jar;C:\Users\siddharthgaur\.m2\repository\org\apache\commons\commons-lang3\3.4\commons-lang3-3.4.jar;C:\Users\siddharthgaur\.m2\repository\org\ccil\cowan\tagsoup\tagsoup\1.2.1\tagsoup-1.2.1.jar;C:\Users\siddharthgaur\.m2\repository\io\rest-assured\rest-assured\3.0.2\rest-assured-3.0.2.jar;C:\Users\siddharthgaur\.m2\repository\org\apache\httpcomponents\httpclient\4.5.2\httpclient-4.5.2.jar;C:\Users\siddharthgaur\.m2\repository\org\apache\httpcomponents\httpcore\4.4.4\httpcore-4.4.4.jar;C:\Users\siddharthgaur\.m2\repository\commons-logging\commons-logging\1.2\commons-logging-1.2.jar;C:\Users\siddharthgaur\.m2\repository\commons-codec\commons-codec\1.9\commons-codec-1.9.jar;C:\Users\siddharthgaur\.m2\repository\org\apache\httpcomponents\httpmime\4.5.1\httpmime-4.5.1.jar;C:\Users\siddharthgaur\.m2\repository\org\hamcrest\hamcrest-library\1.3\hamcrest-library-1.3.jar;C:\Users\siddharthgaur\.m2\repository\io\rest-assured\json-path\3.0.2\json-path-3.0.2.jar;C:\Users\siddharthgaur\.m2\repository\org\codehaus\groovy\groovy-json\2.4.6\groovy-json-2.4.6.jar;C:\Users\siddharthgaur\.m2\repository\com\relevantcodes\extentreports\2.41.2\extentreports-2.41.2.jar;C:\Users\siddharthgaur\.m2\repository\org\jsoup\jsoup\1.8.3\jsoup-1.8.3.jar;C:\Users\siddharthgaur\.m2\repository\org\xerial\sqlite-jdbc\3.8.11.1\sqlite-jdbc-3.8.11.1.jar;C:\Users\siddharthgaur\.m2\repository\org\freemarker\freemarker\2.3.23\freemarker-2.3.23.jar;C:\Users\siddharthgaur\.m2\repository\org\mongodb\mongodb-driver\3.0.4\mongodb-driver-3.0.4.jar;C:\Users\siddharthgaur\.m2\repository\org\mongodb\bson\3.0.4\bson-3.0.4.jar;C:\Users\siddharthgaur\.m2\repository\org\mongodb\mongodb-driver-core\3.0.4\mongodb-driver-core-3.0.4.jar;C:\Users\siddharthgaur\.m2\repository\com\googlecode\json-simple\json-simple\1.1.1\json-simple-1.1.1.jar;C:\Users\siddharthgaur\.m2\repository\junit\junit\4.10\junit-4.10.jar;"/>
    <property name="sun.cpu.endian" value="little"/>
    <property name="user.home" value="C:\Users\siddharthgaur"/>
    <property name="user.language" value="en"/>
    <property name="java.specification.vendor" value="Oracle Corporation"/>
    <property name="java.home" value="C:\Program Files\Java\jdk1.8.0_351\jre"/>
    <property name="basedir" value="C:\Users\siddharthgaur\Downloads\SiddharthGaur_3151410_ApiAutomationUsingRestAssured\SiddharthGaur_3151410_ApiAutomationUsingRestAssured"/>
    <property name="file.separator" value="\"/>
    <property name="line.separator" value="&#10;"/>
    <property name="java.vm.specification.vendor" value="Oracle Corporation"/>
    <property name="java.specification.name" value="Java Platform API Specification"/>
    <property name="java.awt.graphicsenv" value="sun.awt.Win32GraphicsEnvironment"/>
    <property name="surefire.real.class.path" value="C:\Users\siddharthgaur\AppData\Local\Temp\surefire8530879736011389908\surefirebooter6523339540834038688.jar"/>
    <property name="sun.boot.class.path" value="C:\Program Files\Java\jdk1.8.0_351\jre\lib\resources.jar;C:\Program Files\Java\jdk1.8.0_351\jre\lib\rt.jar;C:\Program Files\Java\jdk1.8.0_351\jre\lib\jsse.jar;C:\Program Files\Java\jdk1.8.0_351\jre\lib\jce.jar;C:\Program Files\Java\jdk1.8.0_351\jre\lib\charsets.jar;C:\Program Files\Java\jdk1.8.0_351\jre\lib\jfr.jar;C:\Program Files\Java\jdk1.8.0_351\jre\classes"/>
    <property name="user.script" value=""/>
    <property name="sun.management.compiler" value="HotSpot 64-Bit Tiered Compilers"/>
    <property name="java.runtime.version" value="1.8.0_351-b10"/>
    <property name="user.name" value="siddharthgaur"/>
    <property name="path.separator" value=";"/>
    <property name="os.version" value="10.0"/>
    <property name="java.endorsed.dirs" value="C:\Program Files\Java\jdk1.8.0_351\jre\lib\endorsed"/>
    <property name="java.runtime.name" value="Java(TM) SE Runtime Environment"/>
    <property name="file.encoding" value="Cp1252"/>
    <property name="java.vm.name" value="Java HotSpot(TM) 64-Bit Server VM"/>
    <property name="localRepository" value="C:\Users\siddharthgaur\.m2\repository"/>
    <property name="java.vendor.url.bug" value="http://bugreport.sun.com/bugreport/"/>
    <property name="java.io.tmpdir" value="C:\Users\SIDDHA~1\AppData\Local\Temp\"/>
    <property name="java.version" value="1.8.0_351"/>
    <property name="user.dir" value="C:\Users\siddharthgaur\Downloads\SiddharthGaur_3151410_ApiAutomationUsingRestAssured\SiddharthGaur_3151410_ApiAutomationUsingRestAssured"/>
    <property name="os.arch" value="amd64"/>
    <property name="java.vm.specification.name" value="Java Virtual Machine Specification"/>
    <property name="java.awt.printerjob" value="sun.awt.windows.WPrinterJob"/>
    <property name="sun.os.patch.level" value=""/>
    <property name="java.library.path" value="C:\Program Files\Java\jdk1.8.0_351\jre\bin;C:\Windows\Sun\Java\bin;C:\Windows\system32;C:\Windows;C:\Program Files (x86)\Common Files\Oracle\Java\javapath;C:\app\client\siddharthgaur\product\19.0.0\client_1\bin;C:\Windows\system32;C:\Windows;C:\Windows\System32\Wbem;C:\Windows\System32\WindowsPowerShell\v1.0\;C:\Windows\System32\OpenSSH\;C:\Program Files\TortoiseSVN\bin;C:\Program Files (x86)\Pulse Secure\VC142.CRT\X64\;C:\Program Files (x86)\Pulse Secure\VC142.CRT\X86\;C:\Program Files (x86)\Common Files\Pulse Secure\TNC Client Plugin\;C:\Program Files\nodejs\;C:\Program Files\Microsoft SQL Server\150\Tools\Binn\;C:\Program Files\Microsoft SQL Server\Client SDK\ODBC\170\Tools\Binn\;C:\Program Files\dotnet\;C:\apache-maven-3.8.1-bin\apache-maven-3.8.1\bin;C:\Program Files\Java\jdk1.8.0_351\bin;C:\guac\guac;C:\tools\bin;C:\tools;C:\Android\SDK\tools;C:\Android\SDK\platform-tools;C:\Program Files\MySQL\MySQL Server 8.0\bin;C:\Program Files\Git\cmd;C:\Program Files\MySQL\MySQL Shell 8.0\bin\;C:\Users\siddharthgaur\AppData\Local\Programs\Python\Python311\Scripts\;C:\Users\siddharthgaur\AppData\Local\Programs\Python\Python311\;C:\Users\siddharthgaur\AppData\Local\Microsoft\WindowsApps;C:\Users\siddharthgaur\AppData\Roaming\npm;C:\Users\siddharthgaur\Downloads\chromedriver109;C:\Users\siddharthgaur\.dotnet\tools;."/>
    <property name="java.vm.info" value="mixed mode"/>
    <property name="java.vendor" value="Oracle Corporation"/>
    <property name="java.vm.version" value="25.351-b10"/>
    <property name="java.specification.maintenance.version" value="4"/>
    <property name="java.ext.dirs" value="C:\Program Files\Java\jdk1.8.0_351\jre\lib\ext;C:\Windows\Sun\Java\lib\ext"/>
    <property name="sun.io.unicode.encoding" value="UnicodeLittle"/>
    <property name="java.class.version" value="52.0"/>
  </properties>
  <testcase name="AddUser[public void Tests.NAGPAllTests.AddUser(java.lang.reflect.Method)](1)" classname="Tests.NAGPAllTests" time="2.358">
    <system-err><![CDATA[Mar 07, 2023 3:13:55 PM Tests.NAGPAllTests AddUser
INFO: -----------Starting Execution For:AddUser
Mar 07, 2023 3:13:55 PM Tests.NAGPAllTests AddUser
INFO: -----------Hitting Post /users-----------------------
Mar 07, 2023 3:13:57 PM Tests.NAGPAllTests AddUser
INFO: -----------Asserting for Status code-----------------------
Mar 07, 2023 3:13:57 PM Tests.NAGPAllTests AddUser
INFO: -----------Asserting for field values to be not null-----------------------
Mar 07, 2023 3:13:57 PM Tests.NAGPAllTests AddUser
INFO: -----------Asserting Successful, Test Passed-----------------------
]]></system-err>
  </testcase>
  <testcase name="AddUserInvalidEmail[public void Tests.NAGPAllTests.AddUserInvalidEmail(java.lang.reflect.Method) throws java.io.IOException](1)" classname="Tests.NAGPAllTests" time="1.284">
    <system-err><![CDATA[Mar 07, 2023 3:13:57 PM Tests.NAGPAllTests AddUserInvalidEmail
INFO: -----------Starting Execution For:AddUserInvalidEmail
Mar 07, 2023 3:13:59 PM Tests.NAGPAllTests AddUserInvalidEmail
INFO: -----------Asserting for status code and error message-----------------------
Mar 07, 2023 3:13:59 PM Tests.NAGPAllTests AddUserInvalidEmail
INFO: -----------Asserting Successful, Test Passed-----------------------
]]></system-err>
  </testcase>
  <testcase name="GetUser[public void Tests.NAGPAllTests.GetUser(java.lang.reflect.Method) throws java.lang.Exception](1)" classname="Tests.NAGPAllTests" time="0.785">
    <system-err><![CDATA[Mar 07, 2023 3:13:59 PM Tests.NAGPAllTests GetUser
INFO: -----------Starting Execution For:GetUser
Mar 07, 2023 3:13:59 PM Tests.NAGPAllTests GetUser
INFO: -----------Hitting Get Users API-------------
Mar 07, 2023 3:13:59 PM Tests.NAGPAllTests GetUser
INFO: -----------Asserting Status Code-------------
Mar 07, 2023 3:13:59 PM Tests.NAGPAllTests GetUser
INFO: -----------Response Parsed-------------
Mar 07, 2023 3:13:59 PM Tests.NAGPAllTests GetUser
INFO: -----------Asserting All Fields In The POJO-------------
Mar 07, 2023 3:13:59 PM Tests.NAGPAllTests GetUser
INFO: -----------Assertion Successful-------------
]]></system-err>
  </testcase>
  <testcase name="FollowActivity[public void Tests.NAGPAllTests.FollowActivity(java.lang.reflect.Method)](1)" classname="Tests.NAGPAllTests" time="2.042">
    <system-err><![CDATA[Mar 07, 2023 3:13:59 PM Tests.NAGPAllTests FollowActivity
INFO: -----------Starting Execution For:FollowActivity
Mar 07, 2023 3:13:59 PM Tests.NAGPAllTests FollowActivity
INFO: -----------Hitting get list quotes-----------------------
Mar 07, 2023 3:14:01 PM Tests.NAGPAllTests FollowActivity
INFO: -----------Asserting for Status code-----------------------
Mar 07, 2023 3:14:01 PM Tests.NAGPAllTests FollowActivity
INFO: -----------Asserting for Quote Nodes To Be Not Null-----------------------
Mar 07, 2023 3:14:01 PM Tests.NAGPAllTests FollowActivity
INFO: -----------Extracting Random Author Name From The Response-----------------------
Mar 07, 2023 3:14:01 PM Tests.NAGPAllTests FollowActivity
INFO: -----------Hitting Follow Activity API With Above Extracted Author Name-----------------------
Mar 07, 2023 3:14:01 PM Tests.NAGPAllTests FollowActivity
INFO: -----------Asserting for Status code-----------------------
Mar 07, 2023 3:14:01 PM Tests.NAGPAllTests FollowActivity
INFO: -----------Asserting Successful, Test Passed-----------------------
]]></system-err>
  </testcase>
  <testcase name="GetActivity[public void Tests.NAGPAllTests.GetActivity(java.lang.reflect.Method)](1)" classname="Tests.NAGPAllTests" time="1.097">
    <system-err><![CDATA[Mar 07, 2023 3:14:01 PM Tests.NAGPAllTests GetActivity
INFO: -----------Starting Execution For:GetActivity
Mar 07, 2023 3:14:01 PM Tests.NAGPAllTests GetActivity
INFO: -----------Hitting Get Users API-------------
Mar 07, 2023 3:14:02 PM Tests.NAGPAllTests GetActivity
INFO: -----------Asserting Status Code-------------
Mar 07, 2023 3:14:02 PM Tests.NAGPAllTests GetActivity
INFO: -----------Response Parsed-------------
Mar 07, 2023 3:14:03 PM Tests.NAGPAllTests GetActivity
INFO: -----------Iterating On Activity Nodes------------
Mar 07, 2023 3:14:03 PM Tests.NAGPAllTests GetActivity
INFO: -----------Assertion Successful-------------
]]></system-err>
  </testcase>
  <testcase name="UnFollowActivity[public void Tests.NAGPAllTests.UnFollowActivity(java.lang.reflect.Method)](1)" classname="Tests.NAGPAllTests" time="0.878">
    <system-err><![CDATA[Mar 07, 2023 3:14:03 PM Tests.NAGPAllTests UnFollowActivity
INFO: -----------Starting Execution For:UnFollowActivity
Mar 07, 2023 3:14:03 PM Tests.NAGPAllTests UnFollowActivity
INFO: -----------Hitting get list quotes-----------------------
Mar 07, 2023 3:14:03 PM Tests.NAGPAllTests UnFollowActivity
INFO: -----------Asserting for Status code-----------------------
Mar 07, 2023 3:14:03 PM Tests.NAGPAllTests UnFollowActivity
INFO: -----------Asserting Successful, Test Passed-----------------------
]]></system-err>
  </testcase>
  <testcase name="DeleteActivity[public void Tests.NAGPAllTests.DeleteActivity(java.lang.reflect.Method)](1)" classname="Tests.NAGPAllTests" time="0.937">
    <system-err><![CDATA[Mar 07, 2023 3:14:03 PM Tests.NAGPAllTests DeleteActivity
INFO: -----------Starting Execution For:DeleteActivity
Mar 07, 2023 3:14:03 PM Tests.NAGPAllTests DeleteActivity
INFO: -----------Hitting get list quotes-----------------------
Mar 07, 2023 3:14:04 PM Tests.NAGPAllTests DeleteActivity
INFO: -----------Asserting for Status code-----------------------
Mar 07, 2023 3:14:04 PM Tests.NAGPAllTests DeleteActivity
INFO: -----------Asserting Successful, Test Passed-----------------------
]]></system-err>
  </testcase>
</testsuite>