<?xml version="1.0" encoding="UTF-8"?>
<!-- Generated by org.testng.reporters.JUnitReportReporter -->
<testsuite skipped="0" hostname="IN-BNM9WP3" name="Tests.NAGPAllTests" tests="7" failures="0" timestamp="2023-03-07T15:14:05 IST" time="9.350" errors="0">
  <testcase name="AddUser" time="2.347" classname="Tests.NAGPAllTests"/>
  <testcase name="DeleteActivity" time="0.937" classname="Tests.NAGPAllTests"/>
  <testcase name="GetUser" time="0.782" classname="Tests.NAGPAllTests"/>
  <testcase name="AddUserInvalidEmail" time="1.279" classname="Tests.NAGPAllTests"/>
  <testcase name="UnFollowActivity" time="0.909" classname="Tests.NAGPAllTests"/>
  <testcase name="FollowActivity" time="1.944" classname="Tests.NAGPAllTests"/>
  <testcase name="GetActivity" time="1.152" classname="Tests.NAGPAllTests"/>
</testsuite> <!-- Tests.NAGPAllTests -->
